Base path: C:/Program Files (x86)/Unity/Editor/Data
Pipe name: \\.\pipe\UnityShaderCompiler-4-2488
Cmd: getPlatforms
Cmd: compileSnippet
  api=0 type=0 insize=1770 outsize=660 kw= ok=1
Cmd: compileSnippet
  api=1 type=1 insize=1770 outsize=351 kw= ok=1
Cmd: compileSnippet
  api=1 type=1 insize=1381 outsize=462 kw= ok=1
Cmd: compileSnippet
  api=1 type=1 insize=1788 outsize=362 kw= ok=1
Cmd: compileSnippet
  api=1 type=1 insize=2137 outsize=450 kw= ok=1
Cmd: compileSnippet
  api=1 type=0 insize=1329 outsize=186 kw= ok=1
Cmd: compileSnippet
  api=1 type=1 insize=1329 outsize=215 kw= ok=1
Cmd: compileSnippet
  api=1 type=1 insize=1252 outsize=246 kw= ok=1
Cmd: compileSnippet
  api=1 type=1 insize=1237 outsize=217 kw= ok=1
Cmd: compileSnippet
  api=1 type=1 insize=2284 outsize=695 kw= ok=1
Cmd: compileSnippet
  api=1 type=1 insize=882 outsize=81 kw= ok=1
